1739989358.162643 client started (124812): version 3.5a, socket /tmp/tmux-1000/default, protocol 8
1739989358.162670 on Linux 6.12.13-200.fc41.x86_64 #1 SMP PREEMPT_DYNAMIC Sat Feb  8 20:05:26 UTC 2025
1739989358.162683 using libevent 2.1.12-stable poll
1739989358.162689 using ncurses 6.5 20240629
1739989358.162717 flags are 0x18010000
1739989358.162735 socket is /tmp/tmux-1000/default
1739989358.162757 trying connect
1739989358.162909 connect failed: Connection refused
1739989358.162923 lock file is /tmp/tmux-1000/default.lock
1739989358.162984 flock succeeded
1739989358.162990 got lock (6)
1739989358.163003 trying connect
1739989358.163023 connect failed: Connection refused
1739989358.163367 add peer 0x558280fcb4e0: 7 ((nil))
1739989358.164343 sending message 111 to peer 0x558280fcb4e0 (8 bytes)
1739989358.164368 sending message 111 to peer 0x558280fcb4e0 (8 bytes)
1739989358.164376 sending message 101 to peer 0x558280fcb4e0 (15 bytes)
1739989358.164382 sending message 109 to peer 0x558280fcb4e0 (4 bytes)
1739989358.164388 sending message 102 to peer 0x558280fcb4e0 (11 bytes)
1739989358.164394 sending message 108 to peer 0x558280fcb4e0 (31 bytes)
1739989358.164400 sending message 112 to peer 0x558280fcb4e0 (58 bytes)
1739989358.164407 sending message 112 to peer 0x558280fcb4e0 (5 bytes)
1739989358.164413 sending message 112 to peer 0x558280fcb4e0 (5 bytes)
1739989358.164419 sending message 112 to peer 0x558280fcb4e0 (6 bytes)
1739989358.164425 sending message 112 to peer 0x558280fcb4e0 (6 bytes)
1739989358.164431 sending message 112 to peer 0x558280fcb4e0 (11 bytes)
1739989358.164437 sending message 112 to peer 0x558280fcb4e0 (10 bytes)
1739989358.164443 sending message 112 to peer 0x558280fcb4e0 (13 bytes)
1739989358.164449 sending message 112 to peer 0x558280fcb4e0 (14 bytes)
1739989358.164455 sending message 112 to peer 0x558280fcb4e0 (19 bytes)
1739989358.164475 sending message 112 to peer 0x558280fcb4e0 (11 bytes)
1739989358.164481 sending message 112 to peer 0x558280fcb4e0 (10 bytes)
1739989358.164487 sending message 112 to peer 0x558280fcb4e0 (15 bytes)
1739989358.164493 sending message 112 to peer 0x558280fcb4e0 (21 bytes)
1739989358.164499 sending message 112 to peer 0x558280fcb4e0 (13 bytes)
1739989358.164505 sending message 112 to peer 0x558280fcb4e0 (7 bytes)
1739989358.164511 sending message 112 to peer 0x558280fcb4e0 (13 bytes)
1739989358.164517 sending message 112 to peer 0x558280fcb4e0 (7 bytes)
1739989358.164523 sending message 112 to peer 0x558280fcb4e0 (13 bytes)
1739989358.164529 sending message 112 to peer 0x558280fcb4e0 (9 bytes)
1739989358.164535 sending message 112 to peer 0x558280fcb4e0 (21 bytes)
1739989358.164541 sending message 112 to peer 0x558280fcb4e0 (13 bytes)
1739989358.164547 sending message 112 to peer 0x558280fcb4e0 (9 bytes)
1739989358.164553 sending message 112 to peer 0x558280fcb4e0 (16 bytes)
1739989358.164559 sending message 112 to peer 0x558280fcb4e0 (13 bytes)
1739989358.164565 sending message 112 to peer 0x558280fcb4e0 (9 bytes)
1739989358.164571 sending message 112 to peer 0x558280fcb4e0 (9 bytes)
1739989358.164577 sending message 112 to peer 0x558280fcb4e0 (12 bytes)
1739989358.164583 sending message 112 to peer 0x558280fcb4e0 (8 bytes)
1739989358.164589 sending message 112 to peer 0x558280fcb4e0 (8 bytes)
1739989358.164595 sending message 112 to peer 0x558280fcb4e0 (13 bytes)
1739989358.164601 sending message 112 to peer 0x558280fcb4e0 (7 bytes)
1739989358.164607 sending message 112 to peer 0x558280fcb4e0 (7 bytes)
1739989358.164613 sending message 112 to peer 0x558280fcb4e0 (9 bytes)
1739989358.164619 sending message 112 to peer 0x558280fcb4e0 (9 bytes)
1739989358.164625 sending message 112 to peer 0x558280fcb4e0 (15 bytes)
1739989358.164631 sending message 112 to peer 0x558280fcb4e0 (13 bytes)
1739989358.164637 sending message 112 to peer 0x558280fcb4e0 (12 bytes)
1739989358.164643 sending message 112 to peer 0x558280fcb4e0 (8 bytes)
1739989358.164649 sending message 112 to peer 0x558280fcb4e0 (14 bytes)
1739989358.164655 sending message 112 to peer 0x558280fcb4e0 (11 bytes)
1739989358.164683 sending message 112 to peer 0x558280fcb4e0 (9 bytes)
1739989358.164690 sending message 112 to peer 0x558280fcb4e0 (10 bytes)
1739989358.164697 sending message 112 to peer 0x558280fcb4e0 (10 bytes)
1739989358.164703 sending message 112 to peer 0x558280fcb4e0 (10 bytes)
1739989358.164709 sending message 112 to peer 0x558280fcb4e0 (10 bytes)
1739989358.164715 sending message 112 to peer 0x558280fcb4e0 (11 bytes)
1739989358.164722 sending message 112 to peer 0x558280fcb4e0 (12 bytes)
1739989358.164728 sending message 112 to peer 0x558280fcb4e0 (12 bytes)
1739989358.164734 sending message 112 to peer 0x558280fcb4e0 (12 bytes)
1739989358.164740 sending message 112 to peer 0x558280fcb4e0 (12 bytes)
1739989358.164747 sending message 112 to peer 0x558280fcb4e0 (12 bytes)
1739989358.164755 sending message 112 to peer 0x558280fcb4e0 (11 bytes)
1739989358.164762 sending message 112 to peer 0x558280fcb4e0 (11 bytes)
1739989358.164771 sending message 112 to peer 0x558280fcb4e0 (12 bytes)
1739989358.164777 sending message 112 to peer 0x558280fcb4e0 (12 bytes)
1739989358.164783 sending message 112 to peer 0x558280fcb4e0 (12 bytes)
1739989358.164790 sending message 112 to peer 0x558280fcb4e0 (12 bytes)
1739989358.164796 sending message 112 to peer 0x558280fcb4e0 (12 bytes)
1739989358.164802 sending message 112 to peer 0x558280fcb4e0 (9 bytes)
1739989358.164808 sending message 112 to peer 0x558280fcb4e0 (12 bytes)
1739989358.164814 sending message 112 to peer 0x558280fcb4e0 (13 bytes)
1739989358.164820 sending message 112 to peer 0x558280fcb4e0 (13 bytes)
1739989358.164826 sending message 112 to peer 0x558280fcb4e0 (13 bytes)
1739989358.164832 sending message 112 to peer 0x558280fcb4e0 (13 bytes)
1739989358.164838 sending message 112 to peer 0x558280fcb4e0 (13 bytes)
1739989358.164844 sending message 112 to peer 0x558280fcb4e0 (8 bytes)
1739989358.164850 sending message 112 to peer 0x558280fcb4e0 (11 bytes)
1739989358.164857 sending message 112 to peer 0x558280fcb4e0 (11 bytes)
1739989358.164863 sending message 112 to peer 0x558280fcb4e0 (11 bytes)
1739989358.164869 sending message 112 to peer 0x558280fcb4e0 (12 bytes)
1739989358.164875 sending message 112 to peer 0x558280fcb4e0 (12 bytes)
1739989358.164881 sending message 112 to peer 0x558280fcb4e0 (12 bytes)
1739989358.164887 sending message 112 to peer 0x558280fcb4e0 (12 bytes)
1739989358.164894 sending message 112 to peer 0x558280fcb4e0 (13 bytes)
1739989358.164900 sending message 112 to peer 0x558280fcb4e0 (13 bytes)
1739989358.164906 sending message 112 to peer 0x558280fcb4e0 (13 bytes)
1739989358.164912 sending message 112 to peer 0x558280fcb4e0 (8 bytes)
1739989358.164918 sending message 112 to peer 0x558280fcb4e0 (13 bytes)
1739989358.164924 sending message 112 to peer 0x558280fcb4e0 (13 bytes)
1739989358.164930 sending message 112 to peer 0x558280fcb4e0 (13 bytes)
1739989358.164937 sending message 112 to peer 0x558280fcb4e0 (13 bytes)
1739989358.164943 sending message 112 to peer 0x558280fcb4e0 (13 bytes)
1739989358.164950 sending message 112 to peer 0x558280fcb4e0 (12 bytes)
1739989358.164956 sending message 112 to peer 0x558280fcb4e0 (12 bytes)
1739989358.164962 sending message 112 to peer 0x558280fcb4e0 (12 bytes)
1739989358.164968 sending message 112 to peer 0x558280fcb4e0 (12 bytes)
1739989358.164974 sending message 112 to peer 0x558280fcb4e0 (13 bytes)
1739989358.164980 sending message 112 to peer 0x558280fcb4e0 (8 bytes)
1739989358.164986 sending message 112 to peer 0x558280fcb4e0 (13 bytes)
1739989358.164992 sending message 112 to peer 0x558280fcb4e0 (13 bytes)
1739989358.164998 sending message 112 to peer 0x558280fcb4e0 (13 bytes)
1739989358.165005 sending message 112 to peer 0x558280fcb4e0 (13 bytes)
1739989358.165011 sending message 112 to peer 0x558280fcb4e0 (13 bytes)
1739989358.165017 sending message 112 to peer 0x558280fcb4e0 (13 bytes)
1739989358.165023 sending message 112 to peer 0x558280fcb4e0 (13 bytes)
1739989358.165029 sending message 112 to peer 0x558280fcb4e0 (12 bytes)
1739989358.165035 sending message 112 to peer 0x558280fcb4e0 (12 bytes)
1739989358.165048 sending message 112 to peer 0x558280fcb4e0 (12 bytes)
1739989358.165055 sending message 112 to peer 0x558280fcb4e0 (8 bytes)
1739989358.165061 sending message 112 to peer 0x558280fcb4e0 (12 bytes)
1739989358.165067 sending message 112 to peer 0x558280fcb4e0 (13 bytes)
1739989358.165073 sending message 112 to peer 0x558280fcb4e0 (13 bytes)
1739989358.165079 sending message 112 to peer 0x558280fcb4e0 (13 bytes)
1739989358.165086 sending message 112 to peer 0x558280fcb4e0 (13 bytes)
1739989358.165092 sending message 112 to peer 0x558280fcb4e0 (13 bytes)
1739989358.165098 sending message 112 to peer 0x558280fcb4e0 (13 bytes)
1739989358.165104 sending message 112 to peer 0x558280fcb4e0 (13 bytes)
1739989358.165110 sending message 112 to peer 0x558280fcb4e0 (13 bytes)
1739989358.165116 sending message 112 to peer 0x558280fcb4e0 (12 bytes)
1739989358.165122 sending message 112 to peer 0x558280fcb4e0 (10 bytes)
1739989358.165128 sending message 112 to peer 0x558280fcb4e0 (12 bytes)
1739989358.165134 sending message 112 to peer 0x558280fcb4e0 (12 bytes)
1739989358.165140 sending message 112 to peer 0x558280fcb4e0 (12 bytes)
1739989358.165146 sending message 112 to peer 0x558280fcb4e0 (13 bytes)
1739989358.165153 sending message 112 to peer 0x558280fcb4e0 (13 bytes)
1739989358.165159 sending message 112 to peer 0x558280fcb4e0 (13 bytes)
1739989358.165165 sending message 112 to peer 0x558280fcb4e0 (13 bytes)
1739989358.165171 sending message 112 to peer 0x558280fcb4e0 (13 bytes)
1739989358.165177 sending message 112 to peer 0x558280fcb4e0 (13 bytes)
1739989358.165184 sending message 112 to peer 0x558280fcb4e0 (13 bytes)
1739989358.165190 sending message 112 to peer 0x558280fcb4e0 (10 bytes)
1739989358.165196 sending message 112 to peer 0x558280fcb4e0 (13 bytes)
1739989358.165211 sending message 112 to peer 0x558280fcb4e0 (12 bytes)
1739989358.165230 sending message 112 to peer 0x558280fcb4e0 (12 bytes)
1739989358.165236 sending message 112 to peer 0x558280fcb4e0 (12 bytes)
1739989358.165243 sending message 112 to peer 0x558280fcb4e0 (10 bytes)
1739989358.165249 sending message 112 to peer 0x558280fcb4e0 (10 bytes)
1739989358.165255 sending message 112 to peer 0x558280fcb4e0 (10 bytes)
1739989358.165261 sending message 112 to peer 0x558280fcb4e0 (12 bytes)
1739989358.165268 sending message 112 to peer 0x558280fcb4e0 (13 bytes)
1739989358.165274 sending message 112 to peer 0x558280fcb4e0 (13 bytes)
1739989358.165280 sending message 112 to peer 0x558280fcb4e0 (13 bytes)
1739989358.165286 sending message 112 to peer 0x558280fcb4e0 (13 bytes)
1739989358.165292 sending message 112 to peer 0x558280fcb4e0 (13 bytes)
1739989358.165298 sending message 112 to peer 0x558280fcb4e0 (10 bytes)
1739989358.165304 sending message 112 to peer 0x558280fcb4e0 (11 bytes)
1739989358.165310 sending message 112 to peer 0x558280fcb4e0 (12 bytes)
1739989358.165317 sending message 112 to peer 0x558280fcb4e0 (12 bytes)
1739989358.165323 sending message 112 to peer 0x558280fcb4e0 (12 bytes)
1739989358.165329 sending message 112 to peer 0x558280fcb4e0 (12 bytes)
1739989358.165335 sending message 112 to peer 0x558280fcb4e0 (12 bytes)
1739989358.165341 sending message 112 to peer 0x558280fcb4e0 (11 bytes)
1739989358.165347 sending message 112 to peer 0x558280fcb4e0 (12 bytes)
1739989358.165354 sending message 112 to peer 0x558280fcb4e0 (12 bytes)
1739989358.165360 sending message 112 to peer 0x558280fcb4e0 (13 bytes)
1739989358.165366 sending message 112 to peer 0x558280fcb4e0 (13 bytes)
1739989358.165372 sending message 112 to peer 0x558280fcb4e0 (13 bytes)
1739989358.165378 sending message 112 to peer 0x558280fcb4e0 (13 bytes)
1739989358.165384 sending message 112 to peer 0x558280fcb4e0 (13 bytes)
1739989358.165391 sending message 112 to peer 0x558280fcb4e0 (10 bytes)
1739989358.165397 sending message 112 to peer 0x558280fcb4e0 (9 bytes)
1739989358.165403 sending message 112 to peer 0x558280fcb4e0 (12 bytes)
1739989358.165409 sending message 112 to peer 0x558280fcb4e0 (13 bytes)
1739989358.165415 sending message 112 to peer 0x558280fcb4e0 (13 bytes)
1739989358.165428 sending message 112 to peer 0x558280fcb4e0 (13 bytes)
1739989358.165434 sending message 112 to peer 0x558280fcb4e0 (13 bytes)
1739989358.165441 sending message 112 to peer 0x558280fcb4e0 (13 bytes)
1739989358.165447 sending message 112 to peer 0x558280fcb4e0 (9 bytes)
1739989358.165453 sending message 112 to peer 0x558280fcb4e0 (12 bytes)
1739989358.165460 sending message 112 to peer 0x558280fcb4e0 (13 bytes)
1739989358.165466 sending message 112 to peer 0x558280fcb4e0 (13 bytes)
1739989358.165472 sending message 112 to peer 0x558280fcb4e0 (13 bytes)
1739989358.165478 sending message 112 to peer 0x558280fcb4e0 (13 bytes)
1739989358.165484 sending message 112 to peer 0x558280fcb4e0 (13 bytes)
1739989358.165491 sending message 112 to peer 0x558280fcb4e0 (11 bytes)
1739989358.165497 sending message 112 to peer 0x558280fcb4e0 (12 bytes)
1739989358.165503 sending message 112 to peer 0x558280fcb4e0 (13 bytes)
1739989358.165509 sending message 112 to peer 0x558280fcb4e0 (13 bytes)
1739989358.165515 sending message 112 to peer 0x558280fcb4e0 (13 bytes)
1739989358.165521 sending message 112 to peer 0x558280fcb4e0 (13 bytes)
1739989358.165527 sending message 112 to peer 0x558280fcb4e0 (13 bytes)
1739989358.165534 sending message 112 to peer 0x558280fcb4e0 (11 bytes)
1739989358.165540 sending message 112 to peer 0x558280fcb4e0 (12 bytes)
1739989358.165546 sending message 112 to peer 0x558280fcb4e0 (12 bytes)
1739989358.165553 sending message 112 to peer 0x558280fcb4e0 (12 bytes)
1739989358.165559 sending message 112 to peer 0x558280fcb4e0 (12 bytes)
1739989358.165565 sending message 112 to peer 0x558280fcb4e0 (12 bytes)
1739989358.165571 sending message 112 to peer 0x558280fcb4e0 (21 bytes)
1739989358.165577 sending message 112 to peer 0x558280fcb4e0 (12 bytes)
1739989358.165583 sending message 112 to peer 0x558280fcb4e0 (9 bytes)
1739989358.165589 sending message 112 to peer 0x558280fcb4e0 (6 bytes)
1739989358.165596 sending message 112 to peer 0x558280fcb4e0 (13 bytes)
1739989358.165602 sending message 112 to peer 0x558280fcb4e0 (10 bytes)
1739989358.165608 sending message 112 to peer 0x558280fcb4e0 (24 bytes)
1739989358.165614 sending message 112 to peer 0x558280fcb4e0 (13 bytes)
1739989358.165621 sending message 112 to peer 0x558280fcb4e0 (9 bytes)
1739989358.165627 sending message 112 to peer 0x558280fcb4e0 (70 bytes)
1739989358.165633 sending message 112 to peer 0x558280fcb4e0 (69 bytes)
1739989358.165640 sending message 112 to peer 0x558280fcb4e0 (12 bytes)
1739989358.165646 sending message 112 to peer 0x558280fcb4e0 (10 bytes)
1739989358.165652 sending message 112 to peer 0x558280fcb4e0 (10 bytes)
1739989358.165659 sending message 112 to peer 0x558280fcb4e0 (24 bytes)
1739989358.165665 sending message 112 to peer 0x558280fcb4e0 (13 bytes)
1739989358.165671 sending message 112 to peer 0x558280fcb4e0 (10 bytes)
1739989358.165677 sending message 112 to peer 0x558280fcb4e0 (10 bytes)
1739989358.165683 sending message 112 to peer 0x558280fcb4e0 (10 bytes)
1739989358.165689 sending message 112 to peer 0x558280fcb4e0 (13 bytes)
1739989358.165696 sending message 112 to peer 0x558280fcb4e0 (15 bytes)
1739989358.165702 sending message 112 to peer 0x558280fcb4e0 (5 bytes)
1739989358.165709 sending message 104 to peer 0x558280fcb4e0 (0 bytes)
1739989358.165717 sending message 110 to peer 0x558280fcb4e0 (0 bytes)
1739989358.165724 sending message 107 to peer 0x558280fcb4e0 (4 bytes)
1739989358.165731 sending message 105 to peer 0x558280fcb4e0 (20 bytes)
1739989358.165737 sending message 105 to peer 0x558280fcb4e0 (54 bytes)
1739989358.165744 sending message 105 to peer 0x558280fcb4e0 (40 bytes)
1739989358.165750 sending message 105 to peer 0x558280fcb4e0 (55 bytes)
1739989358.165757 sending message 105 to peer 0x558280fcb4e0 (22 bytes)
1739989358.165763 sending message 105 to peer 0x558280fcb4e0 (11 bytes)
1739989358.165769 sending message 105 to peer 0x558280fcb4e0 (21 bytes)
1739989358.165775 sending message 105 to peer 0x558280fcb4e0 (17 bytes)
1739989358.165781 sending message 105 to peer 0x558280fcb4e0 (21 bytes)
1739989358.165793 sending message 105 to peer 0x558280fcb4e0 (23 bytes)
1739989358.165800 sending message 105 to peer 0x558280fcb4e0 (19 bytes)
1739989358.165806 sending message 105 to peer 0x558280fcb4e0 (23 bytes)
1739989358.165813 sending message 105 to peer 0x558280fcb4e0 (14 bytes)
1739989358.165819 sending message 105 to peer 0x558280fcb4e0 (20 bytes)
1739989358.165826 sending message 105 to peer 0x558280fcb4e0 (25 bytes)
1739989358.165832 sending message 105 to peer 0x558280fcb4e0 (47 bytes)
1739989358.165839 sending message 105 to peer 0x558280fcb4e0 (24 bytes)
1739989358.165845 sending message 105 to peer 0x558280fcb4e0 (13 bytes)
1739989358.165851 sending message 105 to peer 0x558280fcb4e0 (17 bytes)
1739989358.165858 sending message 105 to peer 0x558280fcb4e0 (35 bytes)
1739989358.165864 sending message 105 to peer 0x558280fcb4e0 (17 bytes)
1739989358.165870 sending message 105 to peer 0x558280fcb4e0 (30 bytes)
1739989358.165876 sending message 105 to peer 0x558280fcb4e0 (16 bytes)
1739989358.165883 sending message 105 to peer 0x558280fcb4e0 (145 bytes)
1739989358.165889 sending message 105 to peer 0x558280fcb4e0 (51 bytes)
1739989358.165895 sending message 105 to peer 0x558280fcb4e0 (73 bytes)
1739989358.165902 sending message 105 to peer 0x558280fcb4e0 (30 bytes)
1739989358.165908 sending message 105 to peer 0x558280fcb4e0 (232 bytes)
1739989358.165914 sending message 105 to peer 0x558280fcb4e0 (48 bytes)
1739989358.165920 sending message 105 to peer 0x558280fcb4e0 (20 bytes)
1739989358.165927 sending message 105 to peer 0x558280fcb4e0 (35 bytes)
1739989358.165933 sending message 105 to peer 0x558280fcb4e0 (18 bytes)
1739989358.165939 sending message 105 to peer 0x558280fcb4e0 (78 bytes)
1739989358.165945 sending message 105 to peer 0x558280fcb4e0 (15 bytes)
1739989358.165952 sending message 105 to peer 0x558280fcb4e0 (8 bytes)
1739989358.165958 sending message 105 to peer 0x558280fcb4e0 (33 bytes)
1739989358.165964 sending message 105 to peer 0x558280fcb4e0 (41 bytes)
1739989358.165970 sending message 105 to peer 0x558280fcb4e0 (23 bytes)
1739989358.165976 sending message 105 to peer 0x558280fcb4e0 (37 bytes)
1739989358.165983 sending message 105 to peer 0x558280fcb4e0 (20 bytes)
1739989358.165989 sending message 105 to peer 0x558280fcb4e0 (14 bytes)
1739989358.165995 sending message 105 to peer 0x558280fcb4e0 (18 bytes)
1739989358.166001 sending message 105 to peer 0x558280fcb4e0 (17 bytes)
1739989358.166007 sending message 105 to peer 0x558280fcb4e0 (26 bytes)
1739989358.166013 sending message 105 to peer 0x558280fcb4e0 (54 bytes)
1739989358.166020 sending message 105 to peer 0x558280fcb4e0 (26 bytes)
1739989358.166026 sending message 105 to peer 0x558280fcb4e0 (148 bytes)
1739989358.166033 sending message 105 to peer 0x558280fcb4e0 (23 bytes)
1739989358.166039 sending message 105 to peer 0x558280fcb4e0 (31 bytes)
1739989358.166045 sending message 105 to peer 0x558280fcb4e0 (23 bytes)
1739989358.166052 sending message 105 to peer 0x558280fcb4e0 (26 bytes)
1739989358.166058 sending message 105 to peer 0x558280fcb4e0 (25 bytes)
1739989358.166064 sending message 105 to peer 0x558280fcb4e0 (20 bytes)
1739989358.166070 sending message 105 to peer 0x558280fcb4e0 (1911 bytes)
1739989358.166095 sending message 105 to peer 0x558280fcb4e0 (47 bytes)
1739989358.166102 sending message 105 to peer 0x558280fcb4e0 (42 bytes)
1739989358.166108 sending message 105 to peer 0x558280fcb4e0 (16 bytes)
1739989358.166114 sending message 105 to peer 0x558280fcb4e0 (10 bytes)
1739989358.166121 sending message 105 to peer 0x558280fcb4e0 (24 bytes)
1739989358.166127 sending message 105 to peer 0x558280fcb4e0 (19 bytes)
1739989358.166133 sending message 105 to peer 0x558280fcb4e0 (12 bytes)
1739989358.166139 sending message 105 to peer 0x558280fcb4e0 (20 bytes)
1739989358.166146 sending message 105 to peer 0x558280fcb4e0 (16 bytes)
1739989358.166152 sending message 106 to peer 0x558280fcb4e0 (0 bytes)
1739989358.166237 sending message 200 to peer 0x558280fcb4e0 (4 bytes)
1739989358.166245 client loop enter
1739989358.166269 client_signal: Child exited
1739989358.332080 peer 0x558280fcb4e0 message 207
1739989358.332107 sending message 208 to peer 0x558280fcb4e0 (0 bytes)
1739989374.412106 peer 0x558280fcb4e0 message 203
1739989374.412127 sending message 205 to peer 0x558280fcb4e0 (0 bytes)
1739989374.413784 peer 0x558280fcb4e0 message 204
1739989374.413798 client loop exit
